This file contains any messages produced by compilers while
running configure, to aid debugging if configure makes a mistake.

It was created by yfig configure 0.1.0, which was
generated by GNU Autoconf 2.69.  Invocation command line was

  $ ./configure --enable-dbg

## --------- ##
## Platform. ##
## --------- ##

hostname = HAL
uname -m = x86_64
uname -r = 5.2.14-arch2-1-ARCH
uname -s = Linux
uname -v = #1 SMP PREEMPT Thu Sep 12 10:42:38 UTC 2019

/usr/bin/uname -p = unknown
/bin/uname -X     = unknown

/bin/arch              = unknown
/usr/bin/arch -k       = unknown
/usr/convex/getsysinfo = unknown
/usr/bin/hostinfo      = unknown
/bin/machine           = unknown
/usr/bin/oslevel       = unknown
/bin/universe          = unknown

PATH: /usr/local/bin
PATH: /usr/local/sbin
PATH: /usr/bin
PATH: /usr/lib/jvm/default/bin
PATH: /usr/bin/site_perl
PATH: /usr/bin/vendor_perl
PATH: /usr/bin/core_perl


## ----------- ##
## Core tests. ##
## ----------- ##

configure:2512: checking for a BSD-compatible install
configure:2580: result: /usr/bin/install -c
configure:2591: checking whether build environment is sane
configure:2646: result: yes
configure:2795: checking for a thread-safe mkdir -p
configure:2834: result: /usr/bin/mkdir -p
configure:2841: checking for gawk
configure:2857: found /usr/bin/gawk
configure:2868: result: gawk
configure:2879: checking whether make sets $(MAKE)
configure:2901: result: yes
configure:2930: checking whether make supports nested variables
configure:2947: result: yes
configure:3084: checking whether make supports nested variables
configure:3101: result: yes
configure:3332: checking build system type
configure:3346: result: x86_64-pc-linux-gnu
configure:3366: checking host system type
configure:3379: result: x86_64-pc-linux-gnu
configure:3487: checking for pkg-config
configure:3505: found /usr/bin/pkg-config
configure:3517: result: /usr/bin/pkg-config
configure:3542: checking pkg-config is at least version 0.9.0
configure:3545: result: yes
configure:3604: checking for gcc
configure:3620: found /usr/bin/gcc
configure:3631: result: gcc
configure:3860: checking for C compiler version
configure:3869: gcc --version >&5
gcc (GCC) 9.1.0
Copyright (C) 2019 Free Software Foundation, Inc.
This is free software; see the source for copying conditions.  There is NO
warranty; not even for MERCHANTABILITY or FITNESS FOR A PARTICULAR PURPOSE.

configure:3880: $? = 0
configure:3869: gcc -v >&5
Using built-in specs.
COLLECT_GCC=gcc
COLLECT_LTO_WRAPPER=/usr/lib/gcc/x86_64-pc-linux-gnu/9.1.0/lto-wrapper
Target: x86_64-pc-linux-gnu
Configured with: /build/gcc/src/gcc/configure --prefix=/usr --libdir=/usr/lib --libexecdir=/usr/lib --mandir=/usr/share/man --infodir=/usr/share/info --with-bugurl=https://bugs.archlinux.org/ --enable-languages=c,c++,ada,fortran,go,lto,objc,obj-c++ --enable-shared --enable-threads=posix --with-system-zlib --with-isl --enable-__cxa_atexit --disable-libunwind-exceptions --enable-clocale=gnu --disable-libstdcxx-pch --disable-libssp --enable-gnu-unique-object --enable-linker-build-id --enable-lto --enable-plugin --enable-install-libiberty --with-linker-hash-style=gnu --enable-gnu-indirect-function --enable-multilib --disable-werror --enable-checking=release --enable-default-pie --enable-default-ssp --enable-cet=auto
Thread model: posix
gcc version 9.1.0 (GCC) 
configure:3880: $? = 0
configure:3869: gcc -V >&5
gcc: error: unrecognized command line option '-V'
gcc: fatal error: no input files
compilation terminated.
configure:3880: $? = 1
configure:3869: gcc -qversion >&5
gcc: error: unrecognized command line option '-qversion'; did you mean '--version'?
gcc: fatal error: no input files
compilation terminated.
configure:3880: $? = 1
configure:3900: checking whether the C compiler works
configure:3922: gcc    conftest.c  >&5
configure:3926: $? = 0
configure:3974: result: yes
configure:3977: checking for C compiler default output file name
configure:3979: result: a.out
configure:3985: checking for suffix of executables
configure:3992: gcc -o conftest    conftest.c  >&5
configure:3996: $? = 0
configure:4018: result: 
configure:4040: checking whether we are cross compiling
configure:4048: gcc -o conftest    conftest.c  >&5
configure:4052: $? = 0
configure:4059: ./conftest
configure:4063: $? = 0
configure:4051: result: no
configure:4056: checking for suffix of object files
configure:4078: gcc -c   conftest.c >&5
configure:4082: $? = 0
configure:4103: result: o
configure:4107: checking whether we are using the GNU C compiler
configure:4126: gcc -c   conftest.c >&5
configure:4126: $? = 0
configure:4135: result: yes
configure:4144: checking whether gcc accepts -g
configure:4164: gcc -c -g  conftest.c >&5
configure:4164: $? = 0
configure:4205: result: yes
configure:4222: checking for gcc option to accept ISO C89
configure:4285: gcc  -c -g -O2  conftest.c >&5
configure:4285: $? = 0
configure:4298: result: none needed
configure:4323: checking whether gcc understands -c and -o together
configure:4345: gcc -c conftest.c -o conftest2.o
configure:4348: $? = 0
configure:4345: gcc -c conftest.c -o conftest2.o
configure:4348: $? = 0
configure:4360: result: yes
configure:4380: checking whether make supports the include directive
configure:4395: make -f confmf.GNU && cat confinc.out
this is the am__doit target
configure:4398: $? = 0
configure:4417: result: yes (GNU style)
configure:4442: checking dependency style of gcc
configure:4553: result: gcc3
configure:4626: checking for g++
configure:4642: found /usr/bin/g++
configure:4653: result: g++
configure:4680: checking for C++ compiler version
configure:4689: g++ --version >&5
g++ (GCC) 9.1.0
Copyright (C) 2019 Free Software Foundation, Inc.
This is free software; see the source for copying conditions.  There is NO
warranty; not even for MERCHANTABILITY or FITNESS FOR A PARTICULAR PURPOSE.

configure:4700: $? = 0
configure:4689: g++ -v >&5
Using built-in specs.
COLLECT_GCC=g++
COLLECT_LTO_WRAPPER=/usr/lib/gcc/x86_64-pc-linux-gnu/9.1.0/lto-wrapper
Target: x86_64-pc-linux-gnu
Configured with: /build/gcc/src/gcc/configure --prefix=/usr --libdir=/usr/lib --libexecdir=/usr/lib --mandir=/usr/share/man --infodir=/usr/share/info --with-bugurl=https://bugs.archlinux.org/ --enable-languages=c,c++,ada,fortran,go,lto,objc,obj-c++ --enable-shared --enable-threads=posix --with-system-zlib --with-isl --enable-__cxa_atexit --disable-libunwind-exceptions --enable-clocale=gnu --disable-libstdcxx-pch --disable-libssp --enable-gnu-unique-object --enable-linker-build-id --enable-lto --enable-plugin --enable-install-libiberty --with-linker-hash-style=gnu --enable-gnu-indirect-function --enable-multilib --disable-werror --enable-checking=release --enable-default-pie --enable-default-ssp --enable-cet=auto
Thread model: posix
gcc version 9.1.0 (GCC) 
configure:4700: $? = 0
configure:4689: g++ -V >&5
g++: error: unrecognized command line option '-V'
g++: fatal error: no input files
compilation terminated.
configure:4700: $? = 1
configure:4689: g++ -qversion >&5
g++: error: unrecognized command line option '-qversion'; did you mean '--version'?
g++: fatal error: no input files
compilation terminated.
configure:4700: $? = 1
configure:4704: checking whether we are using the GNU C++ compiler
configure:4723: g++ -c   conftest.cpp >&5
configure:4723: $? = 0
configure:4732: result: yes
configure:4741: checking whether g++ accepts -g
configure:4761: g++ -c -g  conftest.cpp >&5
configure:4761: $? = 0
configure:4802: result: yes
configure:4827: checking dependency style of g++
configure:4938: result: gcc3
configure:4996: checking for ranlib
configure:5012: found /usr/bin/ranlib
configure:5023: result: ranlib
configure:5095: checking for ar
configure:5111: found /usr/bin/ar
configure:5122: result: ar
configure:5148: checking the archiver (ar) interface
configure:5164: gcc -c -g -O2  conftest.c >&5
configure:5164: $? = 0
configure:5166: ar cru libconftest.a conftest.o >&5
ar: `u' modifier ignored since `D' is the default (see `U')
configure:5169: $? = 0
configure:5168: result: ar
configure:5192: checking for bison
configure:5208: found /usr/bin/bison
configure:5219: result: bison -y
configure:5237: checking how to run the C preprocessor
configure:5268: gcc -E  conftest.c
configure:5268: $? = 0
configure:5282: gcc -E  conftest.c
conftest.c:19:10: fatal error: ac_nonexistent.h: No such file or directory
   19 | #include <ac_nonexistent.h>
      |          ^~~~~~~~~~~~~~~~~~
compilation terminated.
configure:5282: $? = 1
configure: failed program was:
| /* confdefs.h */
| #define PACKAGE_NAME "yfig"
| #define PACKAGE_TARNAME "yfig"
| #define PACKAGE_VERSION "0.1.0"
| #define PACKAGE_STRING "yfig 0.1.0"
| #define PACKAGE_BUGREPORT ""
| #define PACKAGE_URL ""
| #define PACKAGE "yfig"
| #define VERSION "0.1.0"
| #define TOOL_DBG_SpOn 1
| #define TOOL_DBG_Trace 1
| #define TOOL_DBG_MemClr 1
| #define TOOL_DBG_MemFnt 1
| #define TOOL_DBG_MemObj 1
| #define TOOL_DBG_Dev 1
| #define TOS_LINUX 1
| #define TOS_MINGW 0
| /* end confdefs.h.  */
| #include <ac_nonexistent.h>
configure:5307: result: gcc -E
configure:5327: gcc -E  conftest.c
configure:5327: $? = 0
configure:5341: gcc -E  conftest.c
conftest.c:19:10: fatal error: ac_nonexistent.h: No such file or directory
   19 | #include <ac_nonexistent.h>
      |          ^~~~~~~~~~~~~~~~~~
compilation terminated.
configure:5341: $? = 1
configure: failed program was:
| /* confdefs.h */
| #define PACKAGE_NAME "yfig"
| #define PACKAGE_TARNAME "yfig"
| #define PACKAGE_VERSION "0.1.0"
| #define PACKAGE_STRING "yfig 0.1.0"
| #define PACKAGE_BUGREPORT ""
| #define PACKAGE_URL ""
| #define PACKAGE "yfig"
| #define VERSION "0.1.0"
| #define TOOL_DBG_SpOn 1
| #define TOOL_DBG_Trace 1
| #define TOOL_DBG_MemClr 1
| #define TOOL_DBG_MemFnt 1
| #define TOOL_DBG_MemObj 1
| #define TOOL_DBG_Dev 1
| #define TOS_LINUX 1
| #define TOS_MINGW 0
| /* end confdefs.h.  */
| #include <ac_nonexistent.h>
configure:5370: checking for grep that handles long lines and -e
configure:5428: result: /usr/bin/grep
configure:5433: checking for egrep
configure:5495: result: /usr/bin/grep -E
configure:5500: checking for ANSI C header files
configure:5520: gcc -c -g -O2  conftest.c >&5
configure:5520: $? = 0
configure:5593: gcc -o conftest -g -O2   conftest.c  >&5
configure:5593: $? = 0
configure:5593: ./conftest
configure:5593: $? = 0
configure:5604: result: yes
configure:5617: checking for sys/types.h
configure:5617: gcc -c -g -O2  conftest.c >&5
configure:5617: $? = 0
configure:5617: result: yes
configure:5617: checking for sys/stat.h
configure:5617: gcc -c -g -O2  conftest.c >&5
configure:5617: $? = 0
configure:5617: result: yes
configure:5617: checking for stdlib.h
configure:5617: gcc -c -g -O2  conftest.c >&5
configure:5617: $? = 0
configure:5617: result: yes
configure:5617: checking for string.h
configure:5617: gcc -c -g -O2  conftest.c >&5
configure:5617: $? = 0
configure:5617: result: yes
configure:5617: checking for memory.h
configure:5617: gcc -c -g -O2  conftest.c >&5
configure:5617: $? = 0
configure:5617: result: yes
configure:5617: checking for strings.h
configure:5617: gcc -c -g -O2  conftest.c >&5
configure:5617: $? = 0
configure:5617: result: yes
configure:5617: checking for inttypes.h
configure:5617: gcc -c -g -O2  conftest.c >&5
configure:5617: $? = 0
configure:5617: result: yes
configure:5617: checking for stdint.h
configure:5617: gcc -c -g -O2  conftest.c >&5
configure:5617: $? = 0
configure:5617: result: yes
configure:5617: checking for unistd.h
configure:5617: gcc -c -g -O2  conftest.c >&5
configure:5617: $? = 0
configure:5617: result: yes
configure:5631: checking math.h usability
configure:5631: gcc -c -g -O2  conftest.c >&5
configure:5631: $? = 0
configure:5631: result: yes
configure:5631: checking math.h presence
configure:5631: gcc -E  conftest.c
configure:5631: $? = 0
configure:5631: result: yes
configure:5631: checking for math.h
configure:5631: result: yes
configure:5648: checking stdarg.h usability
configure:5648: gcc -c -g -O2  conftest.c >&5
configure:5648: $? = 0
configure:5648: result: yes
configure:5648: checking stdarg.h presence
configure:5648: gcc -E  conftest.c
configure:5648: $? = 0
configure:5648: result: yes
configure:5648: checking for stdarg.h
configure:5648: result: yes
configure:5664: checking whether strdup is declared
configure:5664: gcc -c -g -O2  conftest.c >&5
configure:5664: $? = 0
configure:5664: result: yes
configure:5674: checking whether bzero is declared
configure:5674: gcc -c -g -O2  conftest.c >&5
configure:5674: $? = 0
configure:5674: result: yes
configure:5684: checking whether index is declared
configure:5684: gcc -c -g -O2  conftest.c >&5
configure:5684: $? = 0
configure:5684: result: yes
configure:5695: checking for strdup
configure:5695: gcc -o conftest -g -O2   conftest.c  >&5
conftest.c:57:6: warning: conflicting types for built-in function 'strdup'; expected 'char *(const char *)' [-Wbuiltin-declaration-mismatch]
   57 | char strdup ();
      |      ^~~~~~
configure:5695: $? = 0
configure:5695: result: yes
configure:5705: checking for bzero
configure:5705: gcc -o conftest -g -O2   conftest.c  >&5
conftest.c:57:6: warning: conflicting types for built-in function 'bzero'; expected 'void(void *, long unsigned int)' [-Wbuiltin-declaration-mismatch]
   57 | char bzero ();
      |      ^~~~~
configure:5705: $? = 0
configure:5705: result: yes
configure:5705: checking for index
configure:5705: gcc -o conftest -g -O2   conftest.c  >&5
conftest.c:58:6: warning: conflicting types for built-in function 'index'; expected 'char *(const char *, int)' [-Wbuiltin-declaration-mismatch]
   58 | char index ();
      |      ^~~~~
configure:5705: $? = 0
configure:5705: result: yes
configure:5717: checking fcntl.h usability
configure:5717: gcc -c -g -O2  conftest.c >&5
configure:5717: $? = 0
configure:5717: result: yes
configure:5717: checking fcntl.h presence
configure:5717: gcc -E  conftest.c
configure:5717: $? = 0
configure:5717: result: yes
configure:5717: checking for fcntl.h
configure:5717: result: yes
configure:5730: checking whether creat is declared
configure:5730: gcc -c -g -O2  conftest.c >&5
configure:5730: $? = 0
configure:5730: result: yes
configure:5741: checking for creat
configure:5741: gcc -o conftest -g -O2   conftest.c  >&5
configure:5741: $? = 0
configure:5741: result: yes
configure:5750: checking libgen.h usability
configure:5750: gcc -c -g -O2  conftest.c >&5
configure:5750: $? = 0
configure:5750: result: yes
configure:5750: checking libgen.h presence
configure:5750: gcc -E  conftest.c
configure:5750: $? = 0
configure:5750: result: yes
configure:5750: checking for libgen.h
configure:5750: result: yes
configure:5760: checking whether basename is declared
configure:5760: gcc -c -g -O2  conftest.c >&5
configure:5760: $? = 0
configure:5760: result: yes
configure:5779: checking for basename
configure:5779: gcc -o conftest -g -O2   conftest.c  >&5
configure:5779: $? = 0
configure:5779: result: yes
configure:5788: checking errno.h usability
configure:5788: gcc -c -g -O2  conftest.c >&5
configure:5788: $? = 0
configure:5788: result: yes
configure:5788: checking errno.h presence
configure:5788: gcc -E  conftest.c
configure:5788: $? = 0
configure:5788: result: yes
configure:5788: checking for errno.h
configure:5788: result: yes
configure:5800: checking whether ERANGE is declared
configure:5800: gcc -c -g -O2  conftest.c >&5
configure:5800: $? = 0
configure:5800: result: yes
configure:5810: checking whether PATH_MAX is declared
configure:5810: gcc -c -g -O2  conftest.c >&5
conftest.c: In function 'main':
conftest.c:85:10: error: 'PATH_MAX' undeclared (first use in this function)
   85 |   (void) PATH_MAX;
      |          ^~~~~~~~
conftest.c:85:10: note: each undeclared identifier is reported only once for each function it appears in
configure:5810: $? = 1
configure: failed program was:
| /* confdefs.h */
| #define PACKAGE_NAME "yfig"
| #define PACKAGE_TARNAME "yfig"
| #define PACKAGE_VERSION "0.1.0"
| #define PACKAGE_STRING "yfig 0.1.0"
| #define PACKAGE_BUGREPORT ""
| #define PACKAGE_URL ""
| #define PACKAGE "yfig"
| #define VERSION "0.1.0"
| #define TOOL_DBG_SpOn 1
| #define TOOL_DBG_Trace 1
| #define TOOL_DBG_MemClr 1
| #define TOOL_DBG_MemFnt 1
| #define TOOL_DBG_MemObj 1
| #define TOOL_DBG_Dev 1
| #define TOS_LINUX 1
| #define TOS_MINGW 0
| #define STDC_HEADERS 1
| #define HAVE_SYS_TYPES_H 1
| #define HAVE_SYS_STAT_H 1
| #define HAVE_STDLIB_H 1
| #define HAVE_STRING_H 1
| #define HAVE_MEMORY_H 1
| #define HAVE_STRINGS_H 1
| #define HAVE_INTTYPES_H 1
| #define HAVE_STDINT_H 1
| #define HAVE_UNISTD_H 1
| #define HAVE_MATH_H 1
| #define HAVE_STDARG_H 1
| #define HAVE_DECL_STRDUP 1
| #define HAVE_DECL_BZERO 1
| #define HAVE_DECL_INDEX 1
| #define HAVE_BZERO 1
| #define HAVE_INDEX 1
| #define HAVE_FCNTL_H 1
| #define HAVE_DECL_CREAT 1
| #define HAVE_DECL_BASENAME 1
| /* end confdefs.h.  */
| #include <stdio.h>
| #ifdef HAVE_SYS_TYPES_H
| # include <sys/types.h>
| #endif
| #ifdef HAVE_SYS_STAT_H
| # include <sys/stat.h>
| #endif
| #ifdef STDC_HEADERS
| # include <stdlib.h>
| # include <stddef.h>
| #else
| # ifdef HAVE_STDLIB_H
| #  include <stdlib.h>
| # endif
| #endif
| #ifdef HAVE_STRING_H
| # if !defined STDC_HEADERS && defined HAVE_MEMORY_H
| #  include <memory.h>
| # endif
| # include <string.h>
| #endif
| #ifdef HAVE_STRINGS_H
| # include <strings.h>
| #endif
| #ifdef HAVE_INTTYPES_H
| # include <inttypes.h>
| #endif
| #ifdef HAVE_STDINT_H
| # include <stdint.h>
| #endif
| #ifdef HAVE_UNISTD_H
| # include <unistd.h>
| #endif
| #include <math.h>
| #include <stdarg.h>
| #include <fcntl.h>
| #include <libgen.h>
| #include <errno.h>
| 
| int
| main ()
| {
| #ifndef PATH_MAX
| #ifdef __cplusplus
|   (void) PATH_MAX;
| #else
|   (void) PATH_MAX;
| #endif
| #endif
| 
|   ;
|   return 0;
| }
configure:5810: result: no
configure:5818: checking for limits.h
configure:5818: gcc -c -g -O2  conftest.c >&5
configure:5818: $? = 0
configure:5818: result: yes
configure:5832: checking whether PATH_MAX is declared
configure:5832: gcc -c -g -O2  conftest.c >&5
configure:5832: $? = 0
configure:5832: result: yes
configure:5851: checking for ctype.h
configure:5851: gcc -c -g -O2  conftest.c >&5
configure:5851: $? = 0
configure:5851: result: yes
configure:5863: checking whether isdigit is declared
configure:5863: gcc -c -g -O2  conftest.c >&5
configure:5863: $? = 0
configure:5863: result: yes
configure:5883: checking for isdigit
configure:5883: gcc -o conftest -g -O2   conftest.c  >&5
conftest.c:63:6: warning: conflicting types for built-in function 'isdigit'; expected 'int(int)' [-Wbuiltin-declaration-mismatch]
   63 | char isdigit ();
      |      ^~~~~~~
conftest.c:51:1: note: 'isdigit' is declared in header '<ctype.h>'
   50 | # include <limits.h>
   51 | #else
configure:5883: $? = 0
configure:5883: result: yes
configure:5892: checking time.h usability
configure:5892: gcc -c -g -O2  conftest.c >&5
configure:5892: $? = 0
configure:5892: result: yes
configure:5892: checking time.h presence
configure:5892: gcc -E  conftest.c
configure:5892: $? = 0
configure:5892: result: yes
configure:5892: checking for time.h
configure:5892: result: yes
configure:5899: checking whether time is declared
configure:5899: gcc -c -g -O2  conftest.c >&5
configure:5899: $? = 0
configure:5899: result: yes
configure:5917: checking for time_t
configure:5917: gcc -c -g -O2  conftest.c >&5
configure:5917: $? = 0
configure:5917: gcc -c -g -O2  conftest.c >&5
conftest.c: In function 'main':
conftest.c:85:21: error: expected expression before ')' token
   85 | if (sizeof ((time_t)))
      |                     ^
configure:5917: $? = 1
configure: failed program was:
| /* confdefs.h */
| #define PACKAGE_NAME "yfig"
| #define PACKAGE_TARNAME "yfig"
| #define PACKAGE_VERSION "0.1.0"
| #define PACKAGE_STRING "yfig 0.1.0"
| #define PACKAGE_BUGREPORT ""
| #define PACKAGE_URL ""
| #define PACKAGE "yfig"
| #define VERSION "0.1.0"
| #define TOOL_DBG_SpOn 1
| #define TOOL_DBG_Trace 1
| #define TOOL_DBG_MemClr 1
| #define TOOL_DBG_MemFnt 1
| #define TOOL_DBG_MemObj 1
| #define TOOL_DBG_Dev 1
| #define TOS_LINUX 1
| #define TOS_MINGW 0
| #define STDC_HEADERS 1
| #define HAVE_SYS_TYPES_H 1
| #define HAVE_SYS_STAT_H 1
| #define HAVE_STDLIB_H 1
| #define HAVE_STRING_H 1
| #define HAVE_MEMORY_H 1
| #define HAVE_STRINGS_H 1
| #define HAVE_INTTYPES_H 1
| #define HAVE_STDINT_H 1
| #define HAVE_UNISTD_H 1
| #define HAVE_MATH_H 1
| #define HAVE_STDARG_H 1
| #define HAVE_DECL_STRDUP 1
| #define HAVE_DECL_BZERO 1
| #define HAVE_DECL_INDEX 1
| #define HAVE_BZERO 1
| #define HAVE_INDEX 1
| #define HAVE_FCNTL_H 1
| #define HAVE_DECL_CREAT 1
| #define HAVE_DECL_BASENAME 1
| #define HAVE_DECL_ISDIGIT 1
| #define HAVE_DECL_TIME 1
| /* end confdefs.h.  */
| #include <stdio.h>
| #ifdef HAVE_SYS_TYPES_H
| # include <sys/types.h>
| #endif
| #ifdef HAVE_SYS_STAT_H
| # include <sys/stat.h>
| #endif
| #ifdef STDC_HEADERS
| # include <stdlib.h>
| # include <stddef.h>
| #else
| # ifdef HAVE_STDLIB_H
| #  include <stdlib.h>
| # endif
| #endif
| #ifdef HAVE_STRING_H
| # if !defined STDC_HEADERS && defined HAVE_MEMORY_H
| #  include <memory.h>
| # endif
| # include <string.h>
| #endif
| #ifdef HAVE_STRINGS_H
| # include <strings.h>
| #endif
| #ifdef HAVE_INTTYPES_H
| # include <inttypes.h>
| #endif
| #ifdef HAVE_STDINT_H
| # include <stdint.h>
| #endif
| #ifdef HAVE_UNISTD_H
| # include <unistd.h>
| #endif
| #include <math.h>
| #include <stdarg.h>
| #include <fcntl.h>
| #include <libgen.h>
| #include <errno.h>
| #include <limits.h>
| #include <ctype.h>
| #include <time.h>
| int
| main ()
| {
| if (sizeof ((time_t)))
| 	    return 0;
|   ;
|   return 0;
| }
configure:5917: result: yes
configure:5924: checking for time
configure:5924: gcc -o conftest -g -O2   conftest.c  >&5
configure:5924: $? = 0
configure:5924: result: yes
configure:5935: checking glob.h usability
configure:5935: gcc -c -g -O2  conftest.c >&5
configure:5935: $? = 0
configure:5935: result: yes
configure:5935: checking glob.h presence
configure:5935: gcc -E  conftest.c
configure:5935: $? = 0
configure:5935: result: yes
configure:5935: checking for glob.h
configure:5935: result: yes
configure:5940: checking for glob_t
configure:5940: gcc -c -g -O2  conftest.c >&5
configure:5940: $? = 0
configure:5940: gcc -c -g -O2  conftest.c >&5
conftest.c: In function 'main':
conftest.c:47:21: error: expected expression before ')' token
   47 | if (sizeof ((glob_t)))
      |                     ^
configure:5940: $? = 1
configure: failed program was:
| /* confdefs.h */
| #define PACKAGE_NAME "yfig"
| #define PACKAGE_TARNAME "yfig"
| #define PACKAGE_VERSION "0.1.0"
| #define PACKAGE_STRING "yfig 0.1.0"
| #define PACKAGE_BUGREPORT ""
| #define PACKAGE_URL ""
| #define PACKAGE "yfig"
| #define VERSION "0.1.0"
| #define TOOL_DBG_SpOn 1
| #define TOOL_DBG_Trace 1
| #define TOOL_DBG_MemClr 1
| #define TOOL_DBG_MemFnt 1
| #define TOOL_DBG_MemObj 1
| #define TOOL_DBG_Dev 1
| #define TOS_LINUX 1
| #define TOS_MINGW 0
| #define STDC_HEADERS 1
| #define HAVE_SYS_TYPES_H 1
| #define HAVE_SYS_STAT_H 1
| #define HAVE_STDLIB_H 1
| #define HAVE_STRING_H 1
| #define HAVE_MEMORY_H 1
| #define HAVE_STRINGS_H 1
| #define HAVE_INTTYPES_H 1
| #define HAVE_STDINT_H 1
| #define HAVE_UNISTD_H 1
| #define HAVE_MATH_H 1
| #define HAVE_STDARG_H 1
| #define HAVE_DECL_STRDUP 1
| #define HAVE_DECL_BZERO 1
| #define HAVE_DECL_INDEX 1
| #define HAVE_BZERO 1
| #define HAVE_INDEX 1
| #define HAVE_FCNTL_H 1
| #define HAVE_DECL_CREAT 1
| #define HAVE_DECL_BASENAME 1
| #define HAVE_DECL_ISDIGIT 1
| #define HAVE_DECL_TIME 1
| #define HAVE_GLOB_H 1
| /* end confdefs.h.  */
| #include <glob.h>
| 
| int
| main ()
| {
| if (sizeof ((glob_t)))
| 	    return 0;
|   ;
|   return 0;
| }
configure:5940: result: yes
configure:5943: checking whether glob is declared
configure:5943: gcc -c -g -O2  conftest.c >&5
configure:5943: $? = 0
configure:5943: result: yes
configure:5954: checking whether globfree is declared
configure:5954: gcc -c -g -O2  conftest.c >&5
configure:5954: $? = 0
configure:5954: result: yes
configure:5969: checking for glob
configure:5969: gcc -o conftest -g -O2   conftest.c  >&5
configure:5969: $? = 0
configure:5969: result: yes
configure:5969: checking for globfree
configure:5969: gcc -o conftest -g -O2   conftest.c  >&5
configure:5969: $? = 0
configure:5969: result: yes
configure:6068: checking for sys/types.h
configure:6068: result: yes
configure:6080: checking for sys/resource.h
configure:6080: gcc -c -g -O2  conftest.c >&5
configure:6080: $? = 0
configure:6080: result: yes
configure:6095: checking whether getrlimit is declared
configure:6095: gcc -c -g -O2  conftest.c >&5
configure:6095: $? = 0
configure:6095: result: yes
configure:6111: checking whether setrlimit is declared
configure:6111: gcc -c -g -O2  conftest.c >&5
configure:6111: $? = 0
configure:6111: result: yes
configure:6131: checking for getrlimit
configure:6131: gcc -o conftest -g -O2   conftest.c  >&5
configure:6131: $? = 0
configure:6131: result: yes
configure:6131: checking for setrlimit
configure:6131: gcc -o conftest -g -O2   conftest.c  >&5
configure:6131: $? = 0
configure:6131: result: yes
configure:6169: checking locale.h usability
configure:6169: gcc -c -g -O2  conftest.c >&5
configure:6169: $? = 0
configure:6169: result: yes
configure:6169: checking locale.h presence
configure:6169: gcc -E  conftest.c
configure:6169: $? = 0
configure:6169: result: yes
configure:6169: checking for locale.h
configure:6169: result: yes
configure:6177: checking whether setlocale is declared
configure:6177: gcc -c -g -O2  conftest.c >&5
configure:6177: $? = 0
configure:6177: result: yes
configure:6189: checking for setlocale
configure:6189: gcc -o conftest -g -O2   conftest.c  >&5
configure:6189: $? = 0
configure:6189: result: yes
configure:6240: checking for ld used by gcc
configure:6365: result: /usr/bin/ld
configure:6372: checking if the linker (/usr/bin/ld) is GNU ld
configure:6387: result: yes
configure:6394: checking for shared library run path origin
configure:6407: result: done
configure:6428: checking 32-bit host C ABI
configure:6466: gcc -c -g -O2  conftest.c >&5
configure:6466: $? = 0
configure:6653: result: no
configure:6690: checking for the common suffixes of directories in the library search path
configure:6741: result: lib,lib
configure:7241: checking for iconv
configure:7265: gcc -o conftest -g -O2   conftest.c  >&5
configure:7265: $? = 0
configure:7299: result: yes
configure:7302: checking for working iconv
configure:7443: gcc -o conftest -g -O2   conftest.c  >&5
configure:7443: $? = 0
configure:7443: ./conftest
configure:7443: $? = 0
configure:7455: result: yes
configure:7483: checking for iconv declaration
configure:7512: gcc -c -g -O2  conftest.c >&5
configure:7512: $? = 0
configure:7523: result:
         extern size_t iconv (iconv_t cd, char * *inbuf, size_t *inbytesleft, char * *outbuf, size_t *outbytesleft);
configure:7544: checking for JPEG
configure:7551: $PKG_CONFIG --exists --print-errors "libjpeg"
configure:7554: $? = 0
configure:7568: $PKG_CONFIG --exists --print-errors "libjpeg"
configure:7571: $? = 0
configure:7611: result: yes
configure:7618: checking for JPEG in usual directories
configure:7620: result: 
configure:7628: checking whether JCS_BG_RGB is declared
configure:7628: gcc -c -g -O2   conftest.c >&5
conftest.c: In function 'main':
conftest.c:112:10: error: 'JCS_BG_RGB' undeclared (first use in this function); did you mean 'JCS_EXT_RGB'?
  112 |   (void) JCS_BG_RGB;
      |          ^~~~~~~~~~
      |          JCS_EXT_RGB
conftest.c:112:10: note: each undeclared identifier is reported only once for each function it appears in
configure:7628: $? = 1
configure: failed program was:
| /* confdefs.h */
| #define PACKAGE_NAME "yfig"
| #define PACKAGE_TARNAME "yfig"
| #define PACKAGE_VERSION "0.1.0"
| #define PACKAGE_STRING "yfig 0.1.0"
| #define PACKAGE_BUGREPORT ""
| #define PACKAGE_URL ""
| #define PACKAGE "yfig"
| #define VERSION "0.1.0"
| #define TOOL_DBG_SpOn 1
| #define TOOL_DBG_Trace 1
| #define TOOL_DBG_MemClr 1
| #define TOOL_DBG_MemFnt 1
| #define TOOL_DBG_MemObj 1
| #define TOOL_DBG_Dev 1
| #define TOS_LINUX 1
| #define TOS_MINGW 0
| #define STDC_HEADERS 1
| #define HAVE_SYS_TYPES_H 1
| #define HAVE_SYS_STAT_H 1
| #define HAVE_STDLIB_H 1
| #define HAVE_STRING_H 1
| #define HAVE_MEMORY_H 1
| #define HAVE_STRINGS_H 1
| #define HAVE_INTTYPES_H 1
| #define HAVE_STDINT_H 1
| #define HAVE_UNISTD_H 1
| #define HAVE_MATH_H 1
| #define HAVE_STDARG_H 1
| #define HAVE_DECL_STRDUP 1
| #define HAVE_DECL_BZERO 1
| #define HAVE_DECL_INDEX 1
| #define HAVE_BZERO 1
| #define HAVE_INDEX 1
| #define HAVE_FCNTL_H 1
| #define HAVE_DECL_CREAT 1
| #define HAVE_DECL_BASENAME 1
| #define HAVE_DECL_ISDIGIT 1
| #define HAVE_DECL_TIME 1
| #define HAVE_GLOB_H 1
| #define HAVE_DECL_GLOB 1
| #define HAVE_DECL_GLOBFREE 1
| #define HAVE_GLOB 1
| #define HAVE_GLOBFREE 1
| #define GLOB_AVAILABLE 1
| #define HAVE_SYS_TYPES_H 1
| #define HAVE_SYS_RESOURCE_H 1
| #define HAVE_DECL_GETRLIMIT 1
| #define HAVE_DECL_SETRLIMIT 1
| #define HAVE_GETRLIMIT 1
| #define HAVE_SETRLIMIT 1
| #define GSRLIMIT_AVAILABLE 1
| #define YFIG_MemLimitMb 1024
| #define HAVE_LOCALE_H 1
| #define HAVE_DECL_SETLOCALE 1
| #define HAVE_SETLOCALE 1
| #define HAVE_ICONV 1
| #define ICONV_CONST 
| #define HAVE_JPEGLIB_H 1
| /* end confdefs.h.  */
| #include <stdio.h>
| #ifdef HAVE_SYS_TYPES_H
| # include <sys/types.h>
| #endif
| #ifdef HAVE_SYS_STAT_H
| # include <sys/stat.h>
| #endif
| #ifdef STDC_HEADERS
| # include <stdlib.h>
| # include <stddef.h>
| #else
| # ifdef HAVE_STDLIB_H
| #  include <stdlib.h>
| # endif
| #endif
| #ifdef HAVE_STRING_H
| # if !defined STDC_HEADERS && defined HAVE_MEMORY_H
| #  include <memory.h>
| # endif
| # include <string.h>
| #endif
| #ifdef HAVE_STRINGS_H
| # include <strings.h>
| #endif
| #ifdef HAVE_INTTYPES_H
| # include <inttypes.h>
| #endif
| #ifdef HAVE_STDINT_H
| # include <stdint.h>
| #endif
| #ifdef HAVE_UNISTD_H
| # include <unistd.h>
| #endif
| #include <math.h>
| #include <stdarg.h>
| #include <fcntl.h>
| #include <libgen.h>
| #include <errno.h>
| #include <limits.h>
| #include <ctype.h>
| #include <time.h>
| #include <jpeglib.h>
| 
| 
| int
| main ()
| {
| #ifndef JCS_BG_RGB
| #ifdef __cplusplus
|   (void) JCS_BG_RGB;
| #else
|   (void) JCS_BG_RGB;
| #endif
| #endif
| 
|   ;
|   return 0;
| }
configure:7628: result: no
configure:7646: checking whether JCS_BG_YCC is declared
configure:7646: gcc -c -g -O2   conftest.c >&5
conftest.c: In function 'main':
conftest.c:113:10: error: 'JCS_BG_YCC' undeclared (first use in this function); did you mean 'JCS_YCCK'?
  113 |   (void) JCS_BG_YCC;
      |          ^~~~~~~~~~
      |          JCS_YCCK
conftest.c:113:10: note: each undeclared identifier is reported only once for each function it appears in
configure:7646: $? = 1
configure: failed program was:
| /* confdefs.h */
| #define PACKAGE_NAME "yfig"
| #define PACKAGE_TARNAME "yfig"
| #define PACKAGE_VERSION "0.1.0"
| #define PACKAGE_STRING "yfig 0.1.0"
| #define PACKAGE_BUGREPORT ""
| #define PACKAGE_URL ""
| #define PACKAGE "yfig"
| #define VERSION "0.1.0"
| #define TOOL_DBG_SpOn 1
| #define TOOL_DBG_Trace 1
| #define TOOL_DBG_MemClr 1
| #define TOOL_DBG_MemFnt 1
| #define TOOL_DBG_MemObj 1
| #define TOOL_DBG_Dev 1
| #define TOS_LINUX 1
| #define TOS_MINGW 0
| #define STDC_HEADERS 1
| #define HAVE_SYS_TYPES_H 1
| #define HAVE_SYS_STAT_H 1
| #define HAVE_STDLIB_H 1
| #define HAVE_STRING_H 1
| #define HAVE_MEMORY_H 1
| #define HAVE_STRINGS_H 1
| #define HAVE_INTTYPES_H 1
| #define HAVE_STDINT_H 1
| #define HAVE_UNISTD_H 1
| #define HAVE_MATH_H 1
| #define HAVE_STDARG_H 1
| #define HAVE_DECL_STRDUP 1
| #define HAVE_DECL_BZERO 1
| #define HAVE_DECL_INDEX 1
| #define HAVE_BZERO 1
| #define HAVE_INDEX 1
| #define HAVE_FCNTL_H 1
| #define HAVE_DECL_CREAT 1
| #define HAVE_DECL_BASENAME 1
| #define HAVE_DECL_ISDIGIT 1
| #define HAVE_DECL_TIME 1
| #define HAVE_GLOB_H 1
| #define HAVE_DECL_GLOB 1
| #define HAVE_DECL_GLOBFREE 1
| #define HAVE_GLOB 1
| #define HAVE_GLOBFREE 1
| #define GLOB_AVAILABLE 1
| #define HAVE_SYS_TYPES_H 1
| #define HAVE_SYS_RESOURCE_H 1
| #define HAVE_DECL_GETRLIMIT 1
| #define HAVE_DECL_SETRLIMIT 1
| #define HAVE_GETRLIMIT 1
| #define HAVE_SETRLIMIT 1
| #define GSRLIMIT_AVAILABLE 1
| #define YFIG_MemLimitMb 1024
| #define HAVE_LOCALE_H 1
| #define HAVE_DECL_SETLOCALE 1
| #define HAVE_SETLOCALE 1
| #define HAVE_ICONV 1
| #define ICONV_CONST 
| #define HAVE_JPEGLIB_H 1
| #define HAVE_DECL_JCS_BG_RGB 0
| /* end confdefs.h.  */
| #include <stdio.h>
| #ifdef HAVE_SYS_TYPES_H
| # include <sys/types.h>
| #endif
| #ifdef HAVE_SYS_STAT_H
| # include <sys/stat.h>
| #endif
| #ifdef STDC_HEADERS
| # include <stdlib.h>
| # include <stddef.h>
| #else
| # ifdef HAVE_STDLIB_H
| #  include <stdlib.h>
| # endif
| #endif
| #ifdef HAVE_STRING_H
| # if !defined STDC_HEADERS && defined HAVE_MEMORY_H
| #  include <memory.h>
| # endif
| # include <string.h>
| #endif
| #ifdef HAVE_STRINGS_H
| # include <strings.h>
| #endif
| #ifdef HAVE_INTTYPES_H
| # include <inttypes.h>
| #endif
| #ifdef HAVE_STDINT_H
| # include <stdint.h>
| #endif
| #ifdef HAVE_UNISTD_H
| # include <unistd.h>
| #endif
| #include <math.h>
| #include <stdarg.h>
| #include <fcntl.h>
| #include <libgen.h>
| #include <errno.h>
| #include <limits.h>
| #include <ctype.h>
| #include <time.h>
| #include <jpeglib.h>
| 
| 
| int
| main ()
| {
| #ifndef JCS_BG_YCC
| #ifdef __cplusplus
|   (void) JCS_BG_YCC;
| #else
|   (void) JCS_BG_YCC;
| #endif
| #endif
| 
|   ;
|   return 0;
| }
configure:7646: result: no
configure:7683: checking for JPEG in usual directories
configure:7686: result: no
configure:7702: checking for PNG
configure:7709: $PKG_CONFIG --exists --print-errors "libpng >= 1.2"
configure:7712: $? = 0
configure:7726: $PKG_CONFIG --exists --print-errors "libpng >= 1.2"
configure:7729: $? = 0
configure:7769: result: yes
configure:7787: checking for X11
configure:7794: $PKG_CONFIG --exists --print-errors "x11 >= $X11_MinVers"
configure:7797: $? = 0
configure:7811: $PKG_CONFIG --exists --print-errors "x11 >= $X11_MinVers"
configure:7814: $? = 0
configure:7854: result: yes
configure:7956: checking for X11/X.h
configure:7956: gcc -c -g -O2  conftest.c >&5
configure:7956: $? = 0
configure:7956: result: yes
configure:7976: checking for XOpenDisplay
configure:7976: gcc -o conftest -g -O2    conftest.c  -lX11  >&5
configure:7976: $? = 0
configure:7976: result: yes
configure:8028: checking for XAW3D
configure:8035: $PKG_CONFIG --exists --print-errors "xaw3d >= $XAW3D_MinVers"
configure:8038: $? = 0
configure:8052: $PKG_CONFIG --exists --print-errors "xaw3d >= $XAW3D_MinVers"
configure:8055: $? = 0
configure:8095: result: yes
configure:8542: checking for X11/Xaw3d/Command.h
configure:8542: gcc -c -g -O2  -DXAW_INTERNATIONALIZATION  conftest.c >&5
configure:8542: $? = 0
configure:8542: result: yes
configure:8542: checking for X11/Xaw3d/Label.h
configure:8542: gcc -c -g -O2  -DXAW_INTERNATIONALIZATION  conftest.c >&5
configure:8542: $? = 0
configure:8542: result: yes
configure:8542: checking for X11/Xaw3d/Dialog.h
configure:8542: gcc -c -g -O2  -DXAW_INTERNATIONALIZATION  conftest.c >&5
configure:8542: $? = 0
configure:8542: result: yes
configure:8542: checking for X11/Xaw3d/Box.h
configure:8542: gcc -c -g -O2  -DXAW_INTERNATIONALIZATION  conftest.c >&5
configure:8542: $? = 0
configure:8542: result: yes
configure:8542: checking for X11/Xaw3d/Form.h
configure:8542: gcc -c -g -O2  -DXAW_INTERNATIONALIZATION  conftest.c >&5
configure:8542: $? = 0
configure:8542: result: yes
configure:8542: checking for X11/Xaw3d/Cardinals.h
configure:8542: gcc -c -g -O2  -DXAW_INTERNATIONALIZATION  conftest.c >&5
configure:8542: $? = 0
configure:8542: result: yes
configure:8542: checking for X11/Xaw3d/Text.h
configure:8542: gcc -c -g -O2  -DXAW_INTERNATIONALIZATION  conftest.c >&5
configure:8542: $? = 0
configure:8542: result: yes
configure:8542: checking for X11/Xaw3d/AsciiText.h
configure:8542: gcc -c -g -O2  -DXAW_INTERNATIONALIZATION  conftest.c >&5
configure:8542: $? = 0
configure:8542: result: yes
configure:8542: checking for X11/Xaw3d/MenuButton.h
configure:8542: gcc -c -g -O2  -DXAW_INTERNATIONALIZATION  conftest.c >&5
configure:8542: $? = 0
configure:8542: result: yes
configure:8542: checking for X11/Xaw3d/Scrollbar.h
configure:8542: gcc -c -g -O2  -DXAW_INTERNATIONALIZATION  conftest.c >&5
configure:8542: $? = 0
configure:8542: result: yes
configure:8542: checking for X11/Xaw3d/Simple.h
configure:8542: gcc -c -g -O2  -DXAW_INTERNATIONALIZATION  conftest.c >&5
configure:8542: $? = 0
configure:8542: result: yes
configure:8542: checking for X11/Xaw3d/SimpleMenu.h
configure:8542: gcc -c -g -O2  -DXAW_INTERNATIONALIZATION  conftest.c >&5
configure:8542: $? = 0
configure:8542: result: yes
configure:8542: checking for X11/Xaw3d/Sme.h
configure:8542: gcc -c -g -O2  -DXAW_INTERNATIONALIZATION  conftest.c >&5
configure:8542: $? = 0
configure:8542: result: yes
configure:8542: checking for X11/Xaw3d/SmeLine.h
configure:8542: gcc -c -g -O2  -DXAW_INTERNATIONALIZATION  conftest.c >&5
configure:8542: $? = 0
configure:8542: result: yes
configure:8542: checking for X11/Xaw3d/Tip.h
configure:8542: gcc -c -g -O2  -DXAW_INTERNATIONALIZATION  conftest.c >&5
configure:8542: $? = 0
configure:8542: result: yes
configure:8542: checking for X11/Xaw3d/Toggle.h
configure:8542: gcc -c -g -O2  -DXAW_INTERNATIONALIZATION  conftest.c >&5
configure:8542: $? = 0
configure:8542: result: yes
configure:8542: checking for X11/Xaw3d/Paned.h
configure:8542: gcc -c -g -O2  -DXAW_INTERNATIONALIZATION  conftest.c >&5
configure:8542: $? = 0
configure:8542: result: yes
configure:8542: checking for X11/Xaw3d/Viewport.h
configure:8542: gcc -c -g -O2  -DXAW_INTERNATIONALIZATION  conftest.c >&5
configure:8542: $? = 0
configure:8542: result: yes
configure:8542: checking for X11/Xaw3d/List.h
configure:8542: gcc -c -g -O2  -DXAW_INTERNATIONALIZATION  conftest.c >&5
configure:8542: $? = 0
configure:8542: result: yes
configure:8542: checking for X11/Xaw3d/SmeBSB.h
configure:8542: gcc -c -g -O2  -DXAW_INTERNATIONALIZATION  conftest.c >&5
configure:8542: $? = 0
configure:8542: result: yes
configure:8629: checking for PANGOXFT
configure:8636: $PKG_CONFIG --exists --print-errors "pangoxft >= $PANGOXFT_MinVers xft >= $XFT_MinVers"
configure:8639: $? = 0
configure:8653: $PKG_CONFIG --exists --print-errors "pangoxft >= $PANGOXFT_MinVers xft >= $XFT_MinVers"
configure:8656: $? = 0
configure:8694: result: yes
configure:8714: checking X11/Xft/Xft.h usability
configure:8714: gcc -c -g -O2  -I/usr/include/pango-1.0 -I/usr/include/glib-2.0 -I/usr/lib/glib-2.0/include -I/usr/lib/libffi-3.2.1/include -I/usr/include/harfbuzz -I/usr/include/fribidi -I/usr/include/freetype2 -I/usr/include/libpng16 -I/usr/include/uuid -I/usr/include/cairo -I/usr/include/pixman-1  conftest.c >&5
configure:8714: $? = 0
configure:8714: result: yes
configure:8714: checking X11/Xft/Xft.h presence
configure:8714: gcc -E  -I/usr/include/pango-1.0 -I/usr/include/glib-2.0 -I/usr/lib/glib-2.0/include -I/usr/lib/libffi-3.2.1/include -I/usr/include/harfbuzz -I/usr/include/fribidi -I/usr/include/freetype2 -I/usr/include/libpng16 -I/usr/include/uuid -I/usr/include/cairo -I/usr/include/pixman-1  conftest.c
configure:8714: $? = 0
configure:8714: result: yes
configure:8714: checking for X11/Xft/Xft.h
configure:8714: result: yes
configure:8714: checking pango/pangoxft.h usability
configure:8714: gcc -c -g -O2  -I/usr/include/pango-1.0 -I/usr/include/glib-2.0 -I/usr/lib/glib-2.0/include -I/usr/lib/libffi-3.2.1/include -I/usr/include/harfbuzz -I/usr/include/fribidi -I/usr/include/freetype2 -I/usr/include/libpng16 -I/usr/include/uuid -I/usr/include/cairo -I/usr/include/pixman-1  conftest.c >&5
configure:8714: $? = 0
configure:8714: result: yes
configure:8714: checking pango/pangoxft.h presence
configure:8714: gcc -E  -I/usr/include/pango-1.0 -I/usr/include/glib-2.0 -I/usr/lib/glib-2.0/include -I/usr/lib/libffi-3.2.1/include -I/usr/include/harfbuzz -I/usr/include/fribidi -I/usr/include/freetype2 -I/usr/include/libpng16 -I/usr/include/uuid -I/usr/include/cairo -I/usr/include/pixman-1  conftest.c
configure:8714: $? = 0
configure:8714: result: yes
configure:8714: checking for pango/pangoxft.h
configure:8714: result: yes
configure:8714: checking pango/pangoft2.h usability
configure:8714: gcc -c -g -O2  -I/usr/include/pango-1.0 -I/usr/include/glib-2.0 -I/usr/lib/glib-2.0/include -I/usr/lib/libffi-3.2.1/include -I/usr/include/harfbuzz -I/usr/include/fribidi -I/usr/include/freetype2 -I/usr/include/libpng16 -I/usr/include/uuid -I/usr/include/cairo -I/usr/include/pixman-1  conftest.c >&5
configure:8714: $? = 0
configure:8714: result: yes
configure:8714: checking pango/pangoft2.h presence
configure:8714: gcc -E  -I/usr/include/pango-1.0 -I/usr/include/glib-2.0 -I/usr/lib/glib-2.0/include -I/usr/lib/libffi-3.2.1/include -I/usr/include/harfbuzz -I/usr/include/fribidi -I/usr/include/freetype2 -I/usr/include/libpng16 -I/usr/include/uuid -I/usr/include/cairo -I/usr/include/pixman-1  conftest.c
configure:8714: $? = 0
configure:8714: result: yes
configure:8714: checking for pango/pangoft2.h
configure:8714: result: yes
configure:8747: checking for XftColorAllocValue
configure:8747: gcc -o conftest -g -O2  -I/usr/include/pango-1.0 -I/usr/include/glib-2.0 -I/usr/lib/glib-2.0/include -I/usr/lib/libffi-3.2.1/include -I/usr/include/harfbuzz -I/usr/include/fribidi -I/usr/include/freetype2 -I/usr/include/libpng16 -I/usr/include/uuid -I/usr/include/cairo -I/usr/include/pixman-1   conftest.c -lpangoxft-1.0 -lpangoft2-1.0 -lpango-1.0 -lgobject-2.0 -lglib-2.0 -lharfbuzz -lfontconfig -lfreetype -lXft  -lX11   >&5
configure:8747: $? = 0
configure:8747: result: yes
configure:8747: checking for XftDrawCreate
configure:8747: gcc -o conftest -g -O2  -I/usr/include/pango-1.0 -I/usr/include/glib-2.0 -I/usr/lib/glib-2.0/include -I/usr/lib/libffi-3.2.1/include -I/usr/include/harfbuzz -I/usr/include/fribidi -I/usr/include/freetype2 -I/usr/include/libpng16 -I/usr/include/uuid -I/usr/include/cairo -I/usr/include/pixman-1   conftest.c -lpangoxft-1.0 -lpangoft2-1.0 -lpango-1.0 -lgobject-2.0 -lglib-2.0 -lharfbuzz -lfontconfig -lfreetype -lXft  -lX11   >&5
configure:8747: $? = 0
configure:8747: result: yes
configure:8747: checking for pango_context_set_matrix
configure:8747: gcc -o conftest -g -O2  -I/usr/include/pango-1.0 -I/usr/include/glib-2.0 -I/usr/lib/glib-2.0/include -I/usr/lib/libffi-3.2.1/include -I/usr/include/harfbuzz -I/usr/include/fribidi -I/usr/include/freetype2 -I/usr/include/libpng16 -I/usr/include/uuid -I/usr/include/cairo -I/usr/include/pixman-1   conftest.c -lpangoxft-1.0 -lpangoft2-1.0 -lpango-1.0 -lgobject-2.0 -lglib-2.0 -lharfbuzz -lfontconfig -lfreetype -lXft  -lX11   >&5
configure:8747: $? = 0
configure:8747: result: yes
configure:8747: checking for pango_xft_get_font_map
configure:8747: gcc -o conftest -g -O2  -I/usr/include/pango-1.0 -I/usr/include/glib-2.0 -I/usr/lib/glib-2.0/include -I/usr/lib/libffi-3.2.1/include -I/usr/include/harfbuzz -I/usr/include/fribidi -I/usr/include/freetype2 -I/usr/include/libpng16 -I/usr/include/uuid -I/usr/include/cairo -I/usr/include/pixman-1   conftest.c -lpangoxft-1.0 -lpangoft2-1.0 -lpango-1.0 -lgobject-2.0 -lglib-2.0 -lharfbuzz -lfontconfig -lfreetype -lXft  -lX11   >&5
configure:8747: $? = 0
configure:8747: result: yes
configure:8747: checking for pango_xft_render_layout
configure:8747: gcc -o conftest -g -O2  -I/usr/include/pango-1.0 -I/usr/include/glib-2.0 -I/usr/lib/glib-2.0/include -I/usr/lib/libffi-3.2.1/include -I/usr/include/harfbuzz -I/usr/include/fribidi -I/usr/include/freetype2 -I/usr/include/libpng16 -I/usr/include/uuid -I/usr/include/cairo -I/usr/include/pixman-1   conftest.c -lpangoxft-1.0 -lpangoft2-1.0 -lpango-1.0 -lgobject-2.0 -lglib-2.0 -lharfbuzz -lfontconfig -lfreetype -lXft  -lX11   >&5
configure:8747: $? = 0
configure:8747: result: yes
configure:8808: checking for qmake
configure:8826: found /usr/bin/qmake
configure:8839: result: /usr/bin/qmake
configure:8927: checking for running "/usr/bin/qmake --version"
configure:8932: result: 5.13.1
configure:8982: checking Checking QT version 5.13.1"
configure:8985: result: ok
configure:9061: checking for GTK3
configure:9068: $PKG_CONFIG --exists --print-errors "gtk+-3.0 >= $GTK3_MinVers"
configure:9071: $? = 0
configure:9085: $PKG_CONFIG --exists --print-errors "gtk+-3.0 >= $GTK3_MinVers"
configure:9088: $? = 0
configure:9146: result: yes
configure:9160: checking gdk/gdk.h usability
configure:9160: gcc -c -g -O2  -I/usr/include/gtk-3.0 -I/usr/include/pango-1.0 -I/usr/include/glib-2.0 -I/usr/lib/glib-2.0/include -I/usr/lib/libffi-3.2.1/include -I/usr/include/harfbuzz -I/usr/include/fribidi -I/usr/include/freetype2 -I/usr/include/libpng16 -I/usr/include/uuid -I/usr/include/cairo -I/usr/include/pixman-1 -I/usr/include/gdk-pixbuf-2.0 -I/usr/include/libmount -I/usr/include/blkid -I/usr/include/gio-unix-2.0 -I/usr/include/libdrm -I/usr/include/atk-1.0 -I/usr/include/at-spi2-atk/2.0 -I/usr/include/at-spi-2.0 -I/usr/include/dbus-1.0 -I/usr/lib/dbus-1.0/include -pthread  conftest.c >&5
configure:9160: $? = 0
configure:9160: result: yes
configure:9160: checking gdk/gdk.h presence
configure:9160: gcc -E  -I/usr/include/gtk-3.0 -I/usr/include/pango-1.0 -I/usr/include/glib-2.0 -I/usr/lib/glib-2.0/include -I/usr/lib/libffi-3.2.1/include -I/usr/include/harfbuzz -I/usr/include/fribidi -I/usr/include/freetype2 -I/usr/include/libpng16 -I/usr/include/uuid -I/usr/include/cairo -I/usr/include/pixman-1 -I/usr/include/gdk-pixbuf-2.0 -I/usr/include/libmount -I/usr/include/blkid -I/usr/include/gio-unix-2.0 -I/usr/include/libdrm -I/usr/include/atk-1.0 -I/usr/include/at-spi2-atk/2.0 -I/usr/include/at-spi-2.0 -I/usr/include/dbus-1.0 -I/usr/lib/dbus-1.0/include -pthread  conftest.c
configure:9160: $? = 0
configure:9160: result: yes
configure:9160: checking for gdk/gdk.h
configure:9160: result: yes
configure:9160: checking gtk/gtk.h usability
configure:9160: gcc -c -g -O2  -I/usr/include/gtk-3.0 -I/usr/include/pango-1.0 -I/usr/include/glib-2.0 -I/usr/lib/glib-2.0/include -I/usr/lib/libffi-3.2.1/include -I/usr/include/harfbuzz -I/usr/include/fribidi -I/usr/include/freetype2 -I/usr/include/libpng16 -I/usr/include/uuid -I/usr/include/cairo -I/usr/include/pixman-1 -I/usr/include/gdk-pixbuf-2.0 -I/usr/include/libmount -I/usr/include/blkid -I/usr/include/gio-unix-2.0 -I/usr/include/libdrm -I/usr/include/atk-1.0 -I/usr/include/at-spi2-atk/2.0 -I/usr/include/at-spi-2.0 -I/usr/include/dbus-1.0 -I/usr/lib/dbus-1.0/include -pthread  conftest.c >&5
configure:9160: $? = 0
configure:9160: result: yes
configure:9160: checking gtk/gtk.h presence
configure:9160: gcc -E  -I/usr/include/gtk-3.0 -I/usr/include/pango-1.0 -I/usr/include/glib-2.0 -I/usr/lib/glib-2.0/include -I/usr/lib/libffi-3.2.1/include -I/usr/include/harfbuzz -I/usr/include/fribidi -I/usr/include/freetype2 -I/usr/include/libpng16 -I/usr/include/uuid -I/usr/include/cairo -I/usr/include/pixman-1 -I/usr/include/gdk-pixbuf-2.0 -I/usr/include/libmount -I/usr/include/blkid -I/usr/include/gio-unix-2.0 -I/usr/include/libdrm -I/usr/include/atk-1.0 -I/usr/include/at-spi2-atk/2.0 -I/usr/include/at-spi-2.0 -I/usr/include/dbus-1.0 -I/usr/lib/dbus-1.0/include -pthread  conftest.c
configure:9160: $? = 0
configure:9160: result: yes
configure:9160: checking for gtk/gtk.h
configure:9160: result: yes
configure:9191: checking for gdk_display_get_n_monitors
configure:9191: gcc -o conftest -g -O2  -I/usr/include/gtk-3.0 -I/usr/include/pango-1.0 -I/usr/include/glib-2.0 -I/usr/lib/glib-2.0/include -I/usr/lib/libffi-3.2.1/include -I/usr/include/harfbuzz -I/usr/include/fribidi -I/usr/include/freetype2 -I/usr/include/libpng16 -I/usr/include/uuid -I/usr/include/cairo -I/usr/include/pixman-1 -I/usr/include/gdk-pixbuf-2.0 -I/usr/include/libmount -I/usr/include/blkid -I/usr/include/gio-unix-2.0 -I/usr/include/libdrm -I/usr/include/atk-1.0 -I/usr/include/at-spi2-atk/2.0 -I/usr/include/at-spi-2.0 -I/usr/include/dbus-1.0 -I/usr/lib/dbus-1.0/include -pthread   conftest.c -lgtk-3 -lgdk-3 -lz -lpangocairo-1.0 -lpango-1.0 -lharfbuzz -latk-1.0 -lcairo-gobject -lcairo -lgdk_pixbuf-2.0 -lgio-2.0 -lgobject-2.0 -lglib-2.0  -lX11   >&5
configure:9191: $? = 0
configure:9191: result: yes
configure:9191: checking for gdk_display_get_monitor
configure:9191: gcc -o conftest -g -O2  -I/usr/include/gtk-3.0 -I/usr/include/pango-1.0 -I/usr/include/glib-2.0 -I/usr/lib/glib-2.0/include -I/usr/lib/libffi-3.2.1/include -I/usr/include/harfbuzz -I/usr/include/fribidi -I/usr/include/freetype2 -I/usr/include/libpng16 -I/usr/include/uuid -I/usr/include/cairo -I/usr/include/pixman-1 -I/usr/include/gdk-pixbuf-2.0 -I/usr/include/libmount -I/usr/include/blkid -I/usr/include/gio-unix-2.0 -I/usr/include/libdrm -I/usr/include/atk-1.0 -I/usr/include/at-spi2-atk/2.0 -I/usr/include/at-spi-2.0 -I/usr/include/dbus-1.0 -I/usr/lib/dbus-1.0/include -pthread   conftest.c -lgtk-3 -lgdk-3 -lz -lpangocairo-1.0 -lpango-1.0 -lharfbuzz -latk-1.0 -lcairo-gobject -lcairo -lgdk_pixbuf-2.0 -lgio-2.0 -lgobject-2.0 -lglib-2.0  -lX11   >&5
configure:9191: $? = 0
configure:9191: result: yes
configure:9191: checking for gdk_monitor_get_geometry
configure:9191: gcc -o conftest -g -O2  -I/usr/include/gtk-3.0 -I/usr/include/pango-1.0 -I/usr/include/glib-2.0 -I/usr/lib/glib-2.0/include -I/usr/lib/libffi-3.2.1/include -I/usr/include/harfbuzz -I/usr/include/fribidi -I/usr/include/freetype2 -I/usr/include/libpng16 -I/usr/include/uuid -I/usr/include/cairo -I/usr/include/pixman-1 -I/usr/include/gdk-pixbuf-2.0 -I/usr/include/libmount -I/usr/include/blkid -I/usr/include/gio-unix-2.0 -I/usr/include/libdrm -I/usr/include/atk-1.0 -I/usr/include/at-spi2-atk/2.0 -I/usr/include/at-spi-2.0 -I/usr/include/dbus-1.0 -I/usr/lib/dbus-1.0/include -pthread   conftest.c -lgtk-3 -lgdk-3 -lz -lpangocairo-1.0 -lpango-1.0 -lharfbuzz -latk-1.0 -lcairo-gobject -lcairo -lgdk_pixbuf-2.0 -lgio-2.0 -lgobject-2.0 -lglib-2.0  -lX11   >&5
configure:9191: $? = 0
configure:9191: result: yes
configure:9191: checking for gdk_pango_context_get_for_display
configure:9191: gcc -o conftest -g -O2  -I/usr/include/gtk-3.0 -I/usr/include/pango-1.0 -I/usr/include/glib-2.0 -I/usr/lib/glib-2.0/include -I/usr/lib/libffi-3.2.1/include -I/usr/include/harfbuzz -I/usr/include/fribidi -I/usr/include/freetype2 -I/usr/include/libpng16 -I/usr/include/uuid -I/usr/include/cairo -I/usr/include/pixman-1 -I/usr/include/gdk-pixbuf-2.0 -I/usr/include/libmount -I/usr/include/blkid -I/usr/include/gio-unix-2.0 -I/usr/include/libdrm -I/usr/include/atk-1.0 -I/usr/include/at-spi2-atk/2.0 -I/usr/include/at-spi-2.0 -I/usr/include/dbus-1.0 -I/usr/lib/dbus-1.0/include -pthread   conftest.c -lgtk-3 -lgdk-3 -lz -lpangocairo-1.0 -lpango-1.0 -lharfbuzz -latk-1.0 -lcairo-gobject -lcairo -lgdk_pixbuf-2.0 -lgio-2.0 -lgobject-2.0 -lglib-2.0  -lX11   >&5
configure:9191: $? = 0
configure:9191: result: yes
configure:9499: checking that generated files are newer than configure
configure:9505: result: done
configure:9548: creating ./config.status

## ---------------------- ##
## Running config.status. ##
## ---------------------- ##

This file was extended by yfig config.status 0.1.0, which was
generated by GNU Autoconf 2.69.  Invocation command line was

  CONFIG_FILES    = 
  CONFIG_HEADERS  = 
  CONFIG_LINKS    = 
  CONFIG_COMMANDS = 
  $ ./config.status 

on HAL

config.status:1066: creating Makefile
config.status:1066: creating include/yfig-version.h
config.status:1066: creating tools/Makefile
config.status:1066: creating outdev/Makefile
config.status:1066: creating fig/Makefile
config.status:1066: creating vgui/Makefile
config.status:1066: creating yfig/Makefile
config.status:1066: creating yfig/common/Makefile
config.status:1066: creating yfig2dev/Makefile
config.status:1066: creating guixt/Makefile
config.status:1066: creating include/guixt/guixt-config.h
config.status:1066: creating guixt/pangoxft-config.h
config.status:1066: creating yfig/xt/Makefile
config.status:1066: creating guiqt/Makefile
config.status:1066: creating include/guiqt/guiqt-config.h
config.status:1066: creating guiqt/guiqt.pro
config.status:1066: creating yfig/qt/Makefile
config.status:1066: creating yfig/qt/yfigqt.pro
config.status:1066: creating guigtk/Makefile
config.status:1066: creating yfig/gtk/Makefile
config.status:1066: creating config.h
config.status:1247: config.h is unchanged
config.status:1295: executing depfiles commands
config.status:1372: cd tools       && sed -e '/# am--include-marker/d' Makefile         | make -f - am--depfiles
make: Nothing to be done for 'am--depfiles'.
config.status:1377: $? = 0
config.status:1372: cd outdev       && sed -e '/# am--include-marker/d' Makefile         | make -f - am--depfiles
make: Nothing to be done for 'am--depfiles'.
config.status:1377: $? = 0
config.status:1372: cd fig       && sed -e '/# am--include-marker/d' Makefile         | make -f - am--depfiles
make: Nothing to be done for 'am--depfiles'.
config.status:1377: $? = 0
config.status:1372: cd vgui       && sed -e '/# am--include-marker/d' Makefile         | make -f - am--depfiles
make: Nothing to be done for 'am--depfiles'.
config.status:1377: $? = 0
config.status:1372: cd yfig/common       && sed -e '/# am--include-marker/d' Makefile         | make -f - am--depfiles
make: Nothing to be done for 'am--depfiles'.
config.status:1377: $? = 0
config.status:1372: cd yfig2dev       && sed -e '/# am--include-marker/d' Makefile         | make -f - am--depfiles
make: Nothing to be done for 'am--depfiles'.
config.status:1377: $? = 0
config.status:1372: cd guixt       && sed -e '/# am--include-marker/d' Makefile         | make -f - am--depfiles
make: Nothing to be done for 'am--depfiles'.
config.status:1377: $? = 0
config.status:1372: cd yfig/xt       && sed -e '/# am--include-marker/d' Makefile         | make -f - am--depfiles
make: Nothing to be done for 'am--depfiles'.
config.status:1377: $? = 0
config.status:1372: cd guigtk       && sed -e '/# am--include-marker/d' Makefile         | make -f - am--depfiles
make: Nothing to be done for 'am--depfiles'.
config.status:1377: $? = 0
config.status:1372: cd yfig/gtk       && sed -e '/# am--include-marker/d' Makefile         | make -f - am--depfiles
make: Nothing to be done for 'am--depfiles'.
config.status:1377: $? = 0
configure:10891: ======================================================
configure:10893: ==== Flags Configuration
configure:10895: ====   CPPFLAGS  = 
configure:10897: ====   CFLAGS    = -g -O2
configure:10899: ====   CXXFLAGS  = -g -O2
configure:10901: ====   LDFLAGS   = 
configure:10903: ====   LIBS      = 
configure:10905: ====   HAVE_X11  = yes
configure:10907: ====   USE_X11   = yes
configure:10909: ====
configure:10921: ==== X11 Configuration
configure:10923: ====   HAVE_X11     = yes
configure:10925: ====   X11_CPPFLAGS = not used
configure:10927: ====   X11_LIBS     = not used
configure:10929: ====
configure:10958: ==== yfig2dev Configuration
configure:10960: ====   yfig2dev          = yes
configure:10963: ====   libpng            = enable
configure:10965: ====   libjpeg           = disable
configure:10968: ====
configure:10971: ==== yfig-xt Configuration
configure:10973: ====   yfig-xt           = yes
configure:10975: ====   XAW7  toolkit     = not used
configure:10977: ====   XAW3D toolkit     = used
configure:10979: ====   PANGOXFT package  = used
configure:10981: ====   XT_CPPFLAGS       = -DXAW_INTERNATIONALIZATION 
configure:10983: ====   XT_LIBS           = -lXaw3d -lXmu -lXt -lX11 
configure:10985: ====   PANGOXFT_CPPFLAGS = -I/usr/include/pango-1.0 -I/usr/include/glib-2.0 -I/usr/lib/glib-2.0/include -I/usr/lib/libffi-3.2.1/include -I/usr/include/harfbuzz -I/usr/include/fribidi -I/usr/include/freetype2 -I/usr/include/libpng16 -I/usr/include/uuid -I/usr/include/cairo -I/usr/include/pixman-1 
configure:10987: ====   PANGOXFT_LIBS     = -lpangoxft-1.0 -lpangoft2-1.0 -lpango-1.0 -lgobject-2.0 -lglib-2.0 -lharfbuzz -lfontconfig -lfreetype -lXft 
configure:10989: ====
configure:10991: ==== yfig-qt Configuration
configure:10993: ====   yfig-qt           = yes
configure:10995: ====   QT version        = 5
configure:10997: ====
configure:10999: ==== yfig-gtk Configuration
configure:11001: ====   yfig-gtk          = yes
configure:11004: ====   GTK version       = 3.24.10
configure:11007: ====
configure:11009: ==== yfig-mingw Configuration
configure:11011: ====   yfig-mingw          = no
configure:11016: ====
configure:11019: ==== Options shared by all YFIG flavors
configure:11025: ==== - debugging: temp:yes trace:yes mem:yes dev:yes
configure:11029: ==== - limitation of the memory amount: enabled to 1024 Mb
configure:11048: ==== - Image format of PDF output driver
configure:11050: ====      PNG        = YES (direct support using libpng library) -lpng16 -lz 
configure:11052: ====      JPEG       = yes (converted into png using 'convert')
configure:11054: ====      others     = yes (converted into png using 'convert')

## ---------------- ##
## Cache variables. ##
## ---------------- ##

ac_cv_build=x86_64-pc-linux-gnu
ac_cv_c_compiler_gnu=yes
ac_cv_cxx_compiler_gnu=yes
ac_cv_env_CCC_set=
ac_cv_env_CCC_value=
ac_cv_env_CC_set=
ac_cv_env_CC_value=
ac_cv_env_CFLAGS_set=
ac_cv_env_CFLAGS_value=
ac_cv_env_CPPFLAGS_set=
ac_cv_env_CPPFLAGS_value=
ac_cv_env_CPP_set=
ac_cv_env_CPP_value=
ac_cv_env_CXXFLAGS_set=
ac_cv_env_CXXFLAGS_value=
ac_cv_env_CXX_set=
ac_cv_env_CXX_value=
ac_cv_env_GTK3_CFLAGS_set=
ac_cv_env_GTK3_CFLAGS_value=
ac_cv_env_GTK3_LIBS_set=
ac_cv_env_GTK3_LIBS_value=
ac_cv_env_JPEG_CFLAGS_set=
ac_cv_env_JPEG_CFLAGS_value=
ac_cv_env_JPEG_LIBS_set=
ac_cv_env_JPEG_LIBS_value=
ac_cv_env_LDFLAGS_set=
ac_cv_env_LDFLAGS_value=
ac_cv_env_LIBS_set=
ac_cv_env_LIBS_value=
ac_cv_env_PANGOXFT_CFLAGS_set=
ac_cv_env_PANGOXFT_CFLAGS_value=
ac_cv_env_PANGOXFT_LIBS_set=
ac_cv_env_PANGOXFT_LIBS_value=
ac_cv_env_PKG_CONFIG_LIBDIR_set=
ac_cv_env_PKG_CONFIG_LIBDIR_value=
ac_cv_env_PKG_CONFIG_PATH_set=
ac_cv_env_PKG_CONFIG_PATH_value=
ac_cv_env_PKG_CONFIG_set=
ac_cv_env_PKG_CONFIG_value=
ac_cv_env_PNG_CFLAGS_set=
ac_cv_env_PNG_CFLAGS_value=
ac_cv_env_PNG_LIBS_set=
ac_cv_env_PNG_LIBS_value=
ac_cv_env_X11_CFLAGS_set=
ac_cv_env_X11_CFLAGS_value=
ac_cv_env_X11_LIBS_set=
ac_cv_env_X11_LIBS_value=
ac_cv_env_XAW3D_CFLAGS_set=
ac_cv_env_XAW3D_CFLAGS_value=
ac_cv_env_XAW3D_LIBS_set=
ac_cv_env_XAW3D_LIBS_value=
ac_cv_env_XAW_CFLAGS_set=
ac_cv_env_XAW_CFLAGS_value=
ac_cv_env_XAW_LIBS_set=
ac_cv_env_XAW_LIBS_value=
ac_cv_env_YACC_set=
ac_cv_env_YACC_value=
ac_cv_env_YFLAGS_set=
ac_cv_env_YFLAGS_value=
ac_cv_env_build_alias_set=
ac_cv_env_build_alias_value=
ac_cv_env_host_alias_set=
ac_cv_env_host_alias_value=
ac_cv_env_target_alias_set=
ac_cv_env_target_alias_value=
ac_cv_func_XOpenDisplay=yes
ac_cv_func_XftColorAllocValue=yes
ac_cv_func_XftDrawCreate=yes
ac_cv_func_basename=yes
ac_cv_func_bzero=yes
ac_cv_func_creat=yes
ac_cv_func_gdk_display_get_monitor=yes
ac_cv_func_gdk_display_get_n_monitors=yes
ac_cv_func_gdk_monitor_get_geometry=yes
ac_cv_func_gdk_pango_context_get_for_display=yes
ac_cv_func_getrlimit=yes
ac_cv_func_glob=yes
ac_cv_func_globfree=yes
ac_cv_func_index=yes
ac_cv_func_isdigit=yes
ac_cv_func_pango_context_set_matrix=yes
ac_cv_func_pango_xft_get_font_map=yes
ac_cv_func_pango_xft_render_layout=yes
ac_cv_func_setlocale=yes
ac_cv_func_setrlimit=yes
ac_cv_func_strdup=yes
ac_cv_func_time=yes
ac_cv_have_decl_ERANGE=yes
ac_cv_have_decl_JCS_BG_RGB=no
ac_cv_have_decl_JCS_BG_YCC=no
ac_cv_have_decl_PATH_MAX=yes
ac_cv_have_decl_basename=yes
ac_cv_have_decl_bzero=yes
ac_cv_have_decl_creat=yes
ac_cv_have_decl_getrlimit=yes
ac_cv_have_decl_glob=yes
ac_cv_have_decl_globfree=yes
ac_cv_have_decl_index=yes
ac_cv_have_decl_isdigit=yes
ac_cv_have_decl_setlocale=yes
ac_cv_have_decl_setrlimit=yes
ac_cv_have_decl_strdup=yes
ac_cv_have_decl_time=yes
ac_cv_header_X11_X_h=yes
ac_cv_header_X11_Xaw3d_AsciiText_h=yes
ac_cv_header_X11_Xaw3d_Box_h=yes
ac_cv_header_X11_Xaw3d_Cardinals_h=yes
ac_cv_header_X11_Xaw3d_Command_h=yes
ac_cv_header_X11_Xaw3d_Dialog_h=yes
ac_cv_header_X11_Xaw3d_Form_h=yes
ac_cv_header_X11_Xaw3d_Label_h=yes
ac_cv_header_X11_Xaw3d_List_h=yes
ac_cv_header_X11_Xaw3d_MenuButton_h=yes
ac_cv_header_X11_Xaw3d_Paned_h=yes
ac_cv_header_X11_Xaw3d_Scrollbar_h=yes
ac_cv_header_X11_Xaw3d_SimpleMenu_h=yes
ac_cv_header_X11_Xaw3d_Simple_h=yes
ac_cv_header_X11_Xaw3d_SmeBSB_h=yes
ac_cv_header_X11_Xaw3d_SmeLine_h=yes
ac_cv_header_X11_Xaw3d_Sme_h=yes
ac_cv_header_X11_Xaw3d_Text_h=yes
ac_cv_header_X11_Xaw3d_Tip_h=yes
ac_cv_header_X11_Xaw3d_Toggle_h=yes
ac_cv_header_X11_Xaw3d_Viewport_h=yes
ac_cv_header_X11_Xft_Xft_h=yes
ac_cv_header_ctype_h=yes
ac_cv_header_errno_h=yes
ac_cv_header_fcntl_h=yes
ac_cv_header_gdk_gdk_h=yes
ac_cv_header_glob_h=yes
ac_cv_header_gtk_gtk_h=yes
ac_cv_header_inttypes_h=yes
ac_cv_header_libgen_h=yes
ac_cv_header_limits_h=yes
ac_cv_header_locale_h=yes
ac_cv_header_math_h=yes
ac_cv_header_memory_h=yes
ac_cv_header_pango_pangoft2_h=yes
ac_cv_header_pango_pangoxft_h=yes
ac_cv_header_stdarg_h=yes
ac_cv_header_stdc=yes
ac_cv_header_stdint_h=yes
ac_cv_header_stdlib_h=yes
ac_cv_header_string_h=yes
ac_cv_header_strings_h=yes
ac_cv_header_sys_resource_h=yes
ac_cv_header_sys_stat_h=yes
ac_cv_header_sys_types_h=yes
ac_cv_header_time_h=yes
ac_cv_header_unistd_h=yes
ac_cv_host=x86_64-pc-linux-gnu
ac_cv_objext=o
ac_cv_path_EGREP='/usr/bin/grep -E'
ac_cv_path_GREP=/usr/bin/grep
ac_cv_path_ac_pt_PKG_CONFIG=/usr/bin/pkg-config
ac_cv_path_install='/usr/bin/install -c'
ac_cv_path_mkdir=/usr/bin/mkdir
ac_cv_path_tmp=/usr/bin/qmake
ac_cv_prog_AWK=gawk
ac_cv_prog_CPP='gcc -E'
ac_cv_prog_YACC='bison -y'
ac_cv_prog_ac_ct_AR=ar
ac_cv_prog_ac_ct_CC=gcc
ac_cv_prog_ac_ct_CXX=g++
ac_cv_prog_ac_ct_RANLIB=ranlib
ac_cv_prog_cc_c89=
ac_cv_prog_cc_g=yes
ac_cv_prog_cxx_g=yes
ac_cv_prog_make_make_set=yes
ac_cv_type_glob_t=yes
ac_cv_type_time_t=yes
acl_cv_libdirstems=lib,lib
acl_cv_path_LD=/usr/bin/ld
acl_cv_prog_gnu_ld=yes
acl_cv_rpath=done
am_cv_CC_dependencies_compiler_type=gcc3
am_cv_CXX_dependencies_compiler_type=gcc3
am_cv_ar_interface=ar
am_cv_func_iconv=yes
am_cv_func_iconv_works=yes
am_cv_lib_iconv=no
am_cv_make_support_nested_variables=yes
am_cv_prog_cc_c_o=yes
am_cv_proto_iconv='extern size_t iconv (iconv_t cd, char * *inbuf, size_t *inbytesleft, char * *outbuf, size_t *outbytesleft);'
am_cv_proto_iconv_arg1=
gl_cv_host_cpu_c_abi_32bit=no
pkg_cv_GTK3_CFLAGS='-I/usr/include/gtk-3.0 -I/usr/include/pango-1.0 -I/usr/include/glib-2.0 -I/usr/lib/glib-2.0/include -I/usr/lib/libffi-3.2.1/include -I/usr/include/harfbuzz -I/usr/include/fribidi -I/usr/include/freetype2 -I/usr/include/libpng16 -I/usr/include/uuid -I/usr/include/cairo -I/usr/include/pixman-1 -I/usr/include/gdk-pixbuf-2.0 -I/usr/include/libmount -I/usr/include/blkid -I/usr/include/gio-unix-2.0 -I/usr/include/libdrm -I/usr/include/atk-1.0 -I/usr/include/at-spi2-atk/2.0 -I/usr/include/at-spi-2.0 -I/usr/include/dbus-1.0 -I/usr/lib/dbus-1.0/include -pthread '
pkg_cv_GTK3_LIBS='-lgtk-3 -lgdk-3 -lz -lpangocairo-1.0 -lpango-1.0 -lharfbuzz -latk-1.0 -lcairo-gobject -lcairo -lgdk_pixbuf-2.0 -lgio-2.0 -lgobject-2.0 -lglib-2.0 '
pkg_cv_JPEG_CFLAGS=
pkg_cv_JPEG_LIBS='-ljpeg '
pkg_cv_PANGOXFT_CFLAGS='-I/usr/include/pango-1.0 -I/usr/include/glib-2.0 -I/usr/lib/glib-2.0/include -I/usr/lib/libffi-3.2.1/include -I/usr/include/harfbuzz -I/usr/include/fribidi -I/usr/include/freetype2 -I/usr/include/libpng16 -I/usr/include/uuid -I/usr/include/cairo -I/usr/include/pixman-1 '
pkg_cv_PANGOXFT_LIBS='-lpangoxft-1.0 -lpangoft2-1.0 -lpango-1.0 -lgobject-2.0 -lglib-2.0 -lharfbuzz -lfontconfig -lfreetype -lXft '
pkg_cv_PNG_CFLAGS='-I/usr/include/libpng16 '
pkg_cv_PNG_LIBS='-lpng16 -lz '
pkg_cv_X11_CFLAGS=
pkg_cv_X11_LIBS='-lX11 '
pkg_cv_XAW3D_CFLAGS='-DXAW_INTERNATIONALIZATION '
pkg_cv_XAW3D_LIBS='-lXaw3d -lXmu -lXt -lX11 '

## ----------------- ##
## Output variables. ##
## ----------------- ##

#endif
#if defined(HAVE_SYS_TYPES_H) && HAVE_SYS_TYPES_H
#include <X11/Shell.h>
#include <X11/StringDefs.h>
#include <X11/X.h>
#include <X11/XKBlib.h>'
#include <X11/Xatom.h>
#include <X11/Xaw3d/AsciiText.h>
#include <X11/Xaw3d/Box.h>
#include <X11/Xaw3d/Cardinals.h>
#include <X11/Xaw3d/Command.h>
#include <X11/Xaw3d/Dialog.h>
#include <X11/Xaw3d/Form.h>
#include <X11/Xaw3d/Label.h>
#include <X11/Xaw3d/List.h>
#include <X11/Xaw3d/MenuButton.h>
#include <X11/Xaw3d/Paned.h>
#include <X11/Xaw3d/Scrollbar.h>
#include <X11/Xaw3d/Simple.h>
#include <X11/Xaw3d/SimpleMenu.h>
#include <X11/Xaw3d/Sme.h>
#include <X11/Xaw3d/SmeBSB.h>'
#include <X11/Xaw3d/SmeLine.h>
#include <X11/Xaw3d/Text.h>
#include <X11/Xaw3d/Tip.h>
#include <X11/Xaw3d/Toggle.h>
#include <X11/Xaw3d/Viewport.h>
#include <X11/Xft/Xft.h>
#include <X11/cursorfont.h>
#include <pango/pangoft2.h>'
#include <pango/pangoxft.h>
#include <sys/resource.h>
#include <sys/types.h>
ACLOCAL='${SHELL} /home/kodra/Documents/SVN/yfig/yfig/missing aclocal-1.16'
AMDEPBACKSLASH='\'
AMDEP_FALSE='#'
AMDEP_TRUE=''
AMTAR='$${TAR-tar}'
AM_BACKSLASH='\'
AM_DEFAULT_V='$(AM_DEFAULT_VERBOSITY)'
AM_DEFAULT_VERBOSITY='0'
AM_V='$(V)'
AR='ar'
AUTOCONF='${SHELL} /home/kodra/Documents/SVN/yfig/yfig/missing autoconf'
AUTOHEADER='${SHELL} /home/kodra/Documents/SVN/yfig/yfig/missing autoheader'
AUTOMAKE='${SHELL} /home/kodra/Documents/SVN/yfig/yfig/missing automake-1.16'
AWK='gawk'
CC='gcc'
CCDEPMODE='depmode=gcc3'
CFLAGS='-g -O2'
CPP='gcc -E'
CPPFLAGS=''
CXX='g++'
CXXDEPMODE='depmode=gcc3'
CXXFLAGS='-g -O2'
CYGPATH_W='echo'
DEFS='-DHAVE_CONFIG_H'
DEPDIR='.deps'
ECHO_C=''
ECHO_N='-n'
ECHO_T=''
EGREP='/usr/bin/grep -E'
EXEEXT=''
GLOB_AVAILABLE_FALSE='#'
GLOB_AVAILABLE_TRUE=''
GREP='/usr/bin/grep'
GTK3_CFLAGS='-I/usr/include/gtk-3.0 -I/usr/include/pango-1.0 -I/usr/include/glib-2.0 -I/usr/lib/glib-2.0/include -I/usr/lib/libffi-3.2.1/include -I/usr/include/harfbuzz -I/usr/include/fribidi -I/usr/include/freetype2 -I/usr/include/libpng16 -I/usr/include/uuid -I/usr/include/cairo -I/usr/include/pixman-1 -I/usr/include/gdk-pixbuf-2.0 -I/usr/include/libmount -I/usr/include/blkid -I/usr/include/gio-unix-2.0 -I/usr/include/libdrm -I/usr/include/atk-1.0 -I/usr/include/at-spi2-atk/2.0 -I/usr/include/at-spi-2.0 -I/usr/include/dbus-1.0 -I/usr/lib/dbus-1.0/include -pthread '
GTK3_LIBS='-lgtk-3 -lgdk-3 -lz -lpangocairo-1.0 -lpango-1.0 -lharfbuzz -latk-1.0 -lcairo-gobject -lcairo -lgdk_pixbuf-2.0 -lgio-2.0 -lgobject-2.0 -lglib-2.0 '
INSTALL_DATA='${INSTALL} -m 644'
INSTALL_PROGRAM='${INSTALL}'
INSTALL_SCRIPT='${INSTALL}'
INSTALL_STRIP_PROGRAM='$(install_sh) -c -s'
JPEG_CFLAGS=''
JPEG_LIBS='-ljpeg '
LDFLAGS=''
LIBICONV=''
LIBOBJS=''
LIBS=''
LTLIBICONV=''
LTLIBOBJS=''
MAKEINFO='${SHELL} /home/kodra/Documents/SVN/yfig/yfig/missing makeinfo'
MKDIR_P='/usr/bin/mkdir -p'
OBJEXT='o'
PACKAGE='yfig'
PACKAGE_BUGREPORT=''
PACKAGE_NAME='yfig'
PACKAGE_STRING='yfig 0.1.0'
PACKAGE_TARNAME='yfig'
PACKAGE_URL=''
PACKAGE_VERSION='0.1.0'
PANGOXFT_CFLAGS='-I/usr/include/pango-1.0 -I/usr/include/glib-2.0 -I/usr/lib/glib-2.0/include -I/usr/lib/libffi-3.2.1/include -I/usr/include/harfbuzz -I/usr/include/fribidi -I/usr/include/freetype2 -I/usr/include/libpng16 -I/usr/include/uuid -I/usr/include/cairo -I/usr/include/pixman-1 '
PANGOXFT_FALSE='#'
PANGOXFT_LIBS='-lpangoxft-1.0 -lpangoft2-1.0 -lpango-1.0 -lgobject-2.0 -lglib-2.0 -lharfbuzz -lfontconfig -lfreetype -lXft '
PANGOXFT_TRUE=''
PATH_SEPARATOR=':'
PKG_CONFIG='/usr/bin/pkg-config'
PKG_CONFIG_LIBDIR=''
PKG_CONFIG_PATH=''
PNG_CFLAGS='-I/usr/include/libpng16 '
PNG_LIBS='-lpng16 -lz '
RANLIB='ranlib'
SET_MAKE=''
SHELL='/bin/sh'
STRIP=''
TosIsLinux_FALSE='#'
TosIsLinux_TRUE=''
TosIsMinGw_FALSE=''
TosIsMinGw_TRUE='#'
VERSION='0.1.0'
WIN32_CFLAGS=''
WIN32_INCLUDES=''
WIN32_LIBS=''
X11_CFLAGS=''
X11_LIBS='-lX11 '
XAW3D_CFLAGS='-DXAW_INTERNATIONALIZATION '
XAW3D_LIBS='-lXaw3d -lXmu -lXt -lX11 '
XAW_CFLAGS=''
XAW_LIBS=''
YACC='bison -y'
YFIG2DEV='yfig2dev'
YFIG_TOP_OBJDIR='/home/kodra/Documents/SVN/yfig/yfig'
YFIG_TOP_SRCDIR='/home/kodra/Documents/SVN/yfig/yfig'
YFIG_VERSION='0.1.0'
YFIG_VERSION_BRANCH='0'
YFIG_VERSION_MAJOR='0'
YFIG_VERSION_MINOR='1'
YFIG_VERSION_MM='0.1'
YFIG_gtk_gen='gtk'
YFIG_gtk_gui='guigtk'
YFIG_mingw_gen=''
YFIG_mingw_gui=''
YFIG_qt_debug='CONFIG  += debug'
YFIG_qt_gen='qt'
YFIG_qt_gui='guiqt'
YFIG_qt_major='QT_VERS_5'
YFIG_qt_qmake='/usr/bin/qmake'
YFIG_xt_cppflags='-DXAW_INTERNATIONALIZATION '
YFIG_xt_gen='xt'
YFIG_xt_gui='guixt'
YFIG_xt_libs='-lXaw3d -lXmu -lXt -lX11 '
YFIG_xt_x11_includes='
YFIG_xt_xaw3d='1'
YFIG_xt_xaw3d_includes='
YFIG_xt_xaw='0'
YFIG_xt_xaw_includes=''
YFLAGS=''
ac_ct_AR='ar'
ac_ct_CC='gcc'
ac_ct_CXX='g++'
am__EXEEXT_FALSE=''
am__EXEEXT_TRUE='#'
am__fastdepCC_FALSE='#'
am__fastdepCC_TRUE=''
am__fastdepCXX_FALSE='#'
am__fastdepCXX_TRUE=''
am__include='include'
am__isrc=''
am__leading_dot='.'
am__nodep='_no'
am__quote=''
am__tar='$${TAR-tar} chof - "$$tardir"'
am__untar='$${TAR-tar} xf -'
bindir='${exec_prefix}/bin'
build='x86_64-pc-linux-gnu'
build_alias=''
build_cpu='x86_64'
build_os='linux-gnu'
build_vendor='pc'
datadir='${datarootdir}'
datarootdir='${prefix}/share'
docdir='${datarootdir}/doc/${PACKAGE_TARNAME}'
dvidir='${docdir}'
exec_prefix='${prefix}'
glob_available='1'
host='x86_64-pc-linux-gnu'
host_alias=''
host_cpu='x86_64'
host_os='linux-gnu'
host_vendor='pc'
htmldir='${docdir}'
includedir='${prefix}/include'
infodir='${datarootdir}/info'
install_sh='${SHELL} /home/kodra/Documents/SVN/yfig/yfig/install-sh'
libdir='${exec_prefix}/lib'
libexecdir='${exec_prefix}/libexec'
localedir='${datarootdir}/locale'
localstatedir='${prefix}/var'
mandir='${datarootdir}/man'
mkdir_p='$(MKDIR_P)'
oldincludedir='/usr/include'
pangoxft_includes='
pdfdir='${docdir}'
prefix='/usr/local/'
program_transform_name='s,x,x,'
psdir='${docdir}'
sbindir='${exec_prefix}/sbin'
sharedstatedir='${prefix}/com'
sysconfdir='${prefix}/etc'
target_alias=''
tmp='/usr/bin/qmake'

## ----------- ##
## confdefs.h. ##
## ----------- ##

/* confdefs.h */
#define PACKAGE_NAME "yfig"
#define PACKAGE_TARNAME "yfig"
#define PACKAGE_VERSION "0.1.0"
#define PACKAGE_STRING "yfig 0.1.0"
#define PACKAGE_BUGREPORT ""
#define PACKAGE_URL ""
#define PACKAGE "yfig"
#define VERSION "0.1.0"
#define TOOL_DBG_SpOn 1
#define TOOL_DBG_Trace 1
#define TOOL_DBG_MemClr 1
#define TOOL_DBG_MemFnt 1
#define TOOL_DBG_MemObj 1
#define TOOL_DBG_Dev 1
#define TOS_LINUX 1
#define TOS_MINGW 0
#define STDC_HEADERS 1
#define HAVE_SYS_TYPES_H 1
#define HAVE_SYS_STAT_H 1
#define HAVE_STDLIB_H 1
#define HAVE_STRING_H 1
#define HAVE_MEMORY_H 1
#define HAVE_STRINGS_H 1
#define HAVE_INTTYPES_H 1
#define HAVE_STDINT_H 1
#define HAVE_UNISTD_H 1
#define HAVE_MATH_H 1
#define HAVE_STDARG_H 1
#define HAVE_DECL_STRDUP 1
#define HAVE_DECL_BZERO 1
#define HAVE_DECL_INDEX 1
#define HAVE_BZERO 1
#define HAVE_INDEX 1
#define HAVE_FCNTL_H 1
#define HAVE_DECL_CREAT 1
#define HAVE_DECL_BASENAME 1
#define HAVE_DECL_ISDIGIT 1
#define HAVE_DECL_TIME 1
#define HAVE_GLOB_H 1
#define HAVE_DECL_GLOB 1
#define HAVE_DECL_GLOBFREE 1
#define HAVE_GLOB 1
#define HAVE_GLOBFREE 1
#define GLOB_AVAILABLE 1
#define HAVE_SYS_TYPES_H 1
#define HAVE_SYS_RESOURCE_H 1
#define HAVE_DECL_GETRLIMIT 1
#define HAVE_DECL_SETRLIMIT 1
#define HAVE_GETRLIMIT 1
#define HAVE_SETRLIMIT 1
#define GSRLIMIT_AVAILABLE 1
#define YFIG_MemLimitMb 1024
#define HAVE_LOCALE_H 1
#define HAVE_DECL_SETLOCALE 1
#define HAVE_SETLOCALE 1
#define HAVE_ICONV 1
#define ICONV_CONST 
#define HAVE_JPEGLIB_H 1
#define HAVE_DECL_JCS_BG_RGB 0
#define HAVE_DECL_JCS_BG_YCC 0
#define HAVE_LIBPNG_H 1
#define LIBPNG_AVAILABLE 1
#define HAVE_X11 1
#define USE_X11 1
#define HAVE_X11_XAW3D_COMMAND_H 1
#define HAVE_X11_XAW3D_LABEL_H 1
#define HAVE_X11_XAW3D_DIALOG_H 1
#define HAVE_X11_XAW3D_BOX_H 1
#define HAVE_X11_XAW3D_FORM_H 1
#define HAVE_X11_XAW3D_CARDINALS_H 1
#define HAVE_X11_XAW3D_TEXT_H 1
#define HAVE_X11_XAW3D_ASCIITEXT_H 1
#define HAVE_X11_XAW3D_MENUBUTTON_H 1
#define HAVE_X11_XAW3D_SCROLLBAR_H 1
#define HAVE_X11_XAW3D_SIMPLE_H 1
#define HAVE_X11_XAW3D_SIMPLEMENU_H 1
#define HAVE_X11_XAW3D_SME_H 1
#define HAVE_X11_XAW3D_SMELINE_H 1
#define HAVE_X11_XAW3D_TIP_H 1
#define HAVE_X11_XAW3D_TOGGLE_H 1
#define HAVE_X11_XAW3D_PANED_H 1
#define HAVE_X11_XAW3D_VIEWPORT_H 1
#define HAVE_X11_XAW3D_LIST_H 1
#define HAVE_X11_XAW3D_SMEBSB_H 1
#define HAVE_X11_XFT_XFT_H 1
#define HAVE_PANGO_PANGOXFT_H 1
#define HAVE_PANGO_PANGOFT2_H 1
#define HAVE_XFTCOLORALLOCVALUE 1
#define HAVE_XFTDRAWCREATE 1
#define HAVE_PANGO_CONTEXT_SET_MATRIX 1
#define HAVE_PANGO_XFT_GET_FONT_MAP 1
#define HAVE_PANGO_XFT_RENDER_LAYOUT 1
#define PANGOXFT_AVAILABLE 1
#define HAVE_GDK_GDK_H 1
#define HAVE_GTK_GTK_H 1
#define HAVE_GDK_DISPLAY_GET_N_MONITORS 1
#define HAVE_GDK_DISPLAY_GET_MONITOR 1
#define HAVE_GDK_MONITOR_GET_GEOMETRY 1
#define HAVE_GDK_PANGO_CONTEXT_GET_FOR_DISPLAY 1

configure: exit 0
